Application started
Created a list of universities. Size: 2
Created a list of students. Size: 2
Collected statistics. Number of statistics records: 2
Generating Excel file: statistics.xlsx
Excel file generated successfully: statistics.xlsx
Application finished
Application started
Created a list of universities. Size: 2
Created a list of students. Size: 2
Collected statistics. Number of statistics records: 2
Generating Excel file: statistics.xlsx
Excel file generated successfully: statistics.xlsx
Application finished
Application started
Created a list of universities. Size: 2
Created a list of students. Size: 2
Collected statistics. Number of statistics records: 2
Generating Excel file: statistics.xlsx
Excel file generated successfully: statistics.xlsx
Application finished
Application started
Created a list of universities. Size: 2
Created a list of students. Size: 2
Collected statistics. Number of statistics records: 2
Generating Excel file: statistics.xlsx
Excel file generated successfully: statistics.xlsx
Application finished

  <Event xmlns="http://logging.apache.org/log4j/2.0/events" timeMillis="1750699531102" thread="main" level="INFO" loggerName="Main" endOfBatch="false" loggerFqcn="org.apache.logging.log4j.spi.AbstractLogger" threadId="1" threadPriority="5">
    <Instant epochSecond="1750699531" nanoOfSecond="102190200"/>
    <Message>Application started</Message>
  </Event>

  <Event xmlns="http://logging.apache.org/log4j/2.0/events" timeMillis="1750699531249" thread="main" level="INFO" loggerName="Main" endOfBatch="false" loggerFqcn="org.apache.logging.log4j.spi.AbstractLogger" threadId="1" threadPriority="5">
    <Instant epochSecond="1750699531" nanoOfSecond="249869800"/>
    <Message>Created a list of universities. Size: 2</Message>
  </Event>

  <Event xmlns="http://logging.apache.org/log4j/2.0/events" timeMillis="1750699531251" thread="main" level="INFO" loggerName="Main" endOfBatch="false" loggerFqcn="org.apache.logging.log4j.spi.AbstractLogger" threadId="1" threadPriority="5">
    <Instant epochSecond="1750699531" nanoOfSecond="251988500"/>
    <Message>Created a list of students. Size: 2</Message>
  </Event>

  <Event xmlns="http://logging.apache.org/log4j/2.0/events" timeMillis="1750699531263" thread="main" level="INFO" loggerName="Main" endOfBatch="false" loggerFqcn="org.apache.logging.log4j.spi.AbstractLogger" threadId="1" threadPriority="5">
    <Instant epochSecond="1750699531" nanoOfSecond="263433400"/>
    <Message>Collected statistics. Number of statistics records: 2</Message>
  </Event>

  <Event xmlns="http://logging.apache.org/log4j/2.0/events" timeMillis="1750699531263" thread="main" level="INFO" loggerName="Main" endOfBatch="false" loggerFqcn="org.apache.logging.log4j.spi.AbstractLogger" threadId="1" threadPriority="5">
    <Instant epochSecond="1750699531" nanoOfSecond="263433400"/>
    <Message>Generating Excel file: statistics.xlsx</Message>
  </Event>

  <Event xmlns="http://logging.apache.org/log4j/2.0/events" timeMillis="1750699532573" thread="main" level="INFO" loggerName="Main" endOfBatch="false" loggerFqcn="org.apache.logging.log4j.spi.AbstractLogger" threadId="1" threadPriority="5">
    <Instant epochSecond="1750699532" nanoOfSecond="573326600"/>
    <Message>Excel file generated successfully: statistics.xlsx</Message>
  </Event>

  <Event xmlns="http://logging.apache.org/log4j/2.0/events" timeMillis="1750699532574" thread="main" level="INFO" loggerName="Main" endOfBatch="false" loggerFqcn="org.apache.logging.log4j.spi.AbstractLogger" threadId="1" threadPriority="5">
    <Instant epochSecond="1750699532" nanoOfSecond="574426700"/>
    <Message>Application finished</Message>
  </Event>
